Build started 12/16/2015 9:55:33 PM.
     1>Project "C:\Users\Mina\Desktop\Graphics2\OpenGL3DTemplate\OpenGL3DTemplate.vcxproj" on node 2 (Build target(s)).
     1>ClCompile:
         E:\Visual Studio 2015\VC\bin\CL.exe /c /IC:\Users\Mina\Desktop\Graphics2\OpenGL3DTemplate\Debug\\.. /ZI /nologo /W3 /WX- /Od /Oy- /D WIN32 /D _DEBUG /D _CONSOLE /D _MBCS /Gm /EHsc /RTC1 /MDd /GS /fp:precise /Zc:wchar_t /Zc:forScope /Zc:inline /Fo"Debug\\" /Fd"Debug\vc140.pdb" /Gd /TP /analyze- /errorReport:prompt OpenGL3DTemplate.cpp
         OpenGL3DTemplate.cpp
     1>c:\users\mina\desktop\graphics2\opengl3dtemplate\opengl3dtemplate.cpp(45): warning C4018: '<': signed/unsigned mismatch
     1>c:\users\mina\desktop\graphics2\opengl3dtemplate\opengl3dtemplate.cpp(46): warning C4554: '&': check operator precedence for possible error; use parentheses to clarify precedence
     1>c:\users\mina\desktop\graphics2\opengl3dtemplate\opengl3dtemplate.cpp(70): warning C4018: '<': signed/unsigned mismatch
     1>c:\users\mina\desktop\graphics2\opengl3dtemplate\opengl3dtemplate.cpp(71): warning C4554: '&': check operator precedence for possible error; use parentheses to clarify precedence
     1>c:\users\mina\desktop\graphics2\opengl3dtemplate\opengl3dtemplate.cpp(145): warning C4018: '<': signed/unsigned mismatch
     1>c:\users\mina\desktop\graphics2\opengl3dtemplate\opengl3dtemplate.cpp(298): warning C4018: '<': signed/unsigned mismatch
     1>c:\users\mina\desktop\graphics2\opengl3dtemplate\opengl3dtemplate.cpp(311): warning C4018: '<': signed/unsigned mismatch
       Link:
         E:\Visual Studio 2015\VC\bin\link.exe /ERRORREPORT:PROMPT /OUT:"C:\Users\Mina\Desktop\Graphics2\OpenGL3DTemplate\Debug\OpenGL3DTemplate.exe" /INCREMENTAL:NO /NOLOGO /LIBPATH:C:\Users\Mina\Desktop\Graphics2\OpenGL3DTemplate\Debug\\.. glut32.lib legacy_stdio_definitions.lib kernel32.lib user32.lib gdi32.lib winspool.lib comdlg32.lib advapi32.lib shell32.lib ole32.lib oleaut32.lib uuid.lib odbc32.lib odbccp32.lib /MANIFEST /MANIFESTUAC:"level='asInvoker' uiAccess='false'" /manifest:embed /Debug /PDB:"C:\Users\Mina\Desktop\Graphics2\OpenGL3DTemplate\Debug\OpenGL3DTemplate.pdb" /SUBSYSTEM:CONSOLE /TLBID:1 /DYNAMICBASE /NXCOMPAT /IMPLIB:"C:\Users\Mina\Desktop\Graphics2\OpenGL3DTemplate\Debug\OpenGL3DTemplate.lib" /MACHINE:X86 Debug\OpenGL3DTemplate.obj
         Debug\Model_3ds.obj
         Debug\GLTexture.obj
     1>OpenGL3DTemplate.obj : warning LNK4075: ignoring '/EDITANDCONTINUE' due to '/OPT:LBR' specification
         OpenGL3DTemplate.vcxproj -> C:\Users\Mina\Desktop\Graphics2\OpenGL3DTemplate\Debug\OpenGL3DTemplate.exe
     1>Done Building Project "C:\Users\Mina\Desktop\Graphics2\OpenGL3DTemplate\OpenGL3DTemplate.vcxproj" (Build target(s)).

Build succeeded.

Time Elapsed 00:00:01.81
